<?xml version="1.0" encoding="UTF-8"?>
<!-- Generated by org.testng.reporters.JUnitReportReporter -->
<testsuite hostname="DESKTOP-30K6CA2" failures="0" tests="1" name="com.bridgelabz.Verify_FB_Usernamefield_lessthan_MobileNumberField" time="19.093" errors="0" timestamp="2022-07-23T17:59:36 PDT" skipped="0">
  <testcase classname="com.bridgelabz.Verify_FB_Usernamefield_lessthan_MobileNumberField" name="fb" time="19.093"/>
  <system-out/>
</testsuite> <!-- com.bridgelabz.Verify_FB_Usernamefield_lessthan_MobileNumberField -->
