<?xml version="1.0" encoding="UTF-8"?>
<!-- Generated by org.testng.reporters.JUnitReportReporter -->
<testsuite hostname="DESKTOP-30K6CA2" failures="0" tests="1" name="com.bridgelabz.contextclick.ContextClick" time="78.081" errors="0" timestamp="2022-07-26T20:44:53 PDT" skipped="0">
  <testcase classname="com.bridgelabz.contextclick.ContextClick" name="contextClick_UsingActionClass" time="78.081"/>
  <system-out/>
</testsuite> <!-- com.bridgelabz.contextclick.ContextClick -->
