<?xml version="1.0" encoding="UTF-8"?>
<!-- Generated by org.testng.reporters.JUnitReportReporter -->
<testsuite hostname="DESKTOP-30K6CA2" failures="0" tests="1" name="com.bridgelabz.Actitime_HomepageTitle_Validation" time="74.764" errors="0" timestamp="2022-07-22T07:22:25 PDT" skipped="0">
  <testcase classname="com.bridgelabz.Actitime_HomepageTitle_Validation" name="verifyHomepageUsingTitle" time="74.764"/>
  <system-out/>
</testsuite> <!-- com.bridgelabz.Actitime_HomepageTitle_Validation -->
