<?xml version="1.0" encoding="UTF-8"?>
<!-- Generated by org.testng.reporters.JUnitReportReporter -->
<testsuite hostname="DESKTOP-30K6CA2" failures="0" tests="1" name="com.bridgelabz.TakeScreenshot" time="39.470" errors="0" timestamp="2022-07-23T18:33:19 PDT" skipped="0">
  <testcase classname="com.bridgelabz.TakeScreenshot" name="screenshot" time="39.470"/>
  <system-out/>
</testsuite> <!-- com.bridgelabz.TakeScreenshot -->
