<?xml version="1.0" encoding="UTF-8"?>
<!-- Generated by org.testng.reporters.JUnitReportReporter -->
<testsuite hostname="DESKTOP-30K6CA2" failures="0" tests="1" name="com.bridgelabz.Verify_Alignmentof_UNandPWD_InFB" time="36.915" errors="0" timestamp="2022-07-22T07:34:15 PDT" skipped="0">
  <testcase classname="com.bridgelabz.Verify_Alignmentof_UNandPWD_InFB" name="alignmentVerificationOfUNandPWD" time="36.915"/>
  <system-out/>
</testsuite> <!-- com.bridgelabz.Verify_Alignmentof_UNandPWD_InFB -->
