<?xml version="1.0" encoding="UTF-8"?>
<!-- Generated by org.testng.reporters.JUnitReportReporter -->
<testsuite hostname="DESKTOP-30K6CA2" failures="0" tests="1" name="com.bridgelabz.frame.FrameDemo" time="12.730" errors="0" timestamp="2022-07-26T20:24:28 PDT" skipped="0">
  <testcase classname="com.bridgelabz.frame.FrameDemo" name="enterText_InsideAnElement_InTheFrame" time="12.730"/>
  <system-out/>
</testsuite> <!-- com.bridgelabz.frame.FrameDemo -->
