<?xml version="1.0" encoding="UTF-8"?>
<!-- Generated by org.testng.reporters.JUnitReportReporter -->
<testsuite hostname="DESKTOP-30K6CA2" failures="0" tests="1" name="com.bridgelabz.ClearField_Without_ClearMethod" time="63.018" errors="0" timestamp="2022-07-23T18:06:38 PDT" skipped="0">
  <testcase classname="com.bridgelabz.ClearField_Without_ClearMethod" name="clearField" time="63.018"/>
  <system-out/>
</testsuite> <!-- com.bridgelabz.ClearField_Without_ClearMethod -->
