<?xml version="1.0" encoding="UTF-8"?>
<!-- Generated by org.testng.reporters.JUnitReportReporter -->
<testsuite hostname="DESKTOP-30K6CA2" failures="0" tests="1" name="com.bridgelabz.WebElementInterface" time="55.107" errors="0" timestamp="2022-07-23T18:24:13 PDT" skipped="0">
  <testcase classname="com.bridgelabz.WebElementInterface" name="gettext" time="55.107"/>
  <system-out/>
</testsuite> <!-- com.bridgelabz.WebElementInterface -->
