<?xml version="1.0" encoding="UTF-8"?>
<!-- Generated by org.testng.reporters.JUnitReportReporter -->
<testsuite hostname="DESKTOP-30K6CA2" failures="0" tests="1" name="com.bridgelabz.javascriptexecutor.JavascriptExecutorPractise" time="4.554" errors="0" timestamp="2022-07-26T10:34:29 PDT" skipped="0">
  <testcase classname="com.bridgelabz.javascriptexecutor.JavascriptExecutorPractise" name="enterText_intoDisabledTextbox" time="4.554"/>
  <system-out/>
</testsuite> <!-- com.bridgelabz.javascriptexecutor.JavascriptExecutorPractise -->
